<?xml version="1.0" encoding="UTF-8"?>
<testsuite name="RecipesApplicationTest" tests="1" skipped="0" failures="0" errors="0" timestamp="2022-10-18T17:28:26" hostname="mu-X550EA" time="82.819">
  <properties/>
  <testcase name="start" classname="RecipesApplicationTest" time="82.819"/>
  <system-out><![CDATA[?[1;31m
Start test 1?[0m
?[0;34m
?[0m?[0;34m  .   ____          _            __ _ _
?[0m?[0;34m /\\ / ___'_ __ _ _(_)_ __  __ _ \ \ \ \
?[0m?[0;34m( ( )\___ | '_ | '_| | '_ \/ _` | \ \ \ \
?[0m?[0;34m \\/  ___)| |_)| | | | | || (_| |  ) ) ) )
?[0m?[0;34m  '  |____| .__|_| |_|_| |_\__, | / / / /
?[0m?[0;34m =========|_|==============|___/=/_/_/_/
?[0m?[0;34m :: Spring Boot ::                (v2.5.6)
?[0m?[0;34m
?[0m?[0;34m2022-10-19 03:28:32.217  INFO 25917 --- [    Test worker] recipes.RecipesApplication               : Starting RecipesApplication using Java 17.0.4 on mu-X550EA with PID 25917 (started by mu in /home/mu/Recipes/Recipes/task)
?[0m?[0;34m2022-10-19 03:28:32.231  INFO 25917 --- [    Test worker] recipes.RecipesApplication               : No active profile set, falling back to default profiles: default
?[0m?[0;34m2022-10-19 03:28:37.843  INFO 25917 --- [    Test worker] .s.d.r.c.RepositoryConfigurationDelegate : Bootstrapping Spring Data JPA repositories in DEFAULT mode.
?[0m?[0;34m2022-10-19 03:28:38.098  INFO 25917 --- [    Test worker] .s.d.r.c.RepositoryConfigurationDelegate : Finished Spring Data repository scanning in 217 ms. Found 2 JPA repository interfaces.
?[0m?[0;34m2022-10-19 03:28:41.048  INFO 25917 --- [    Test worker] o.s.b.w.embedded.tomcat.TomcatWebServer  : Tomcat initialized with port(s): 8881 (http)
?[0m?[0;34m2022-10-19 03:28:41.122  INFO 25917 --- [    Test worker] o.apache.catalina.core.StandardService   : Starting service [Tomcat]
?[0m?[0;34m2022-10-19 03:28:41.125  INFO 25917 --- [    Test worker] org.apache.catalina.core.StandardEngine  : Starting Servlet engine: [Apache Tomcat/9.0.54]
?[0m?[0;34m2022-10-19 03:28:41.623  INFO 25917 --- [    Test worker] o.a.c.c.C.[Tomcat].[localhost].[/]       : Initializing Spring embedded WebApplicationContext
?[0m?[0;34m2022-10-19 03:28:41.625  INFO 25917 --- [    Test worker] w.s.c.ServletWebServerApplicationContext : Root WebApplicationContext: initialization completed in 9061 ms
?[0m?[0;34m2022-10-19 03:28:43.208  INFO 25917 --- [    Test worker] o.hibernate.jpa.internal.util.LogHelper  : HHH000204: Processing PersistenceUnitInfo [name: default]
?[0m?[0;34m2022-10-19 03:28:43.557  INFO 25917 --- [    Test worker] org.hibernate.Version                    : HHH000412: Hibernate ORM core version 5.4.32.Final
?[0m?[0;34m2022-10-19 03:28:44.244  INFO 25917 --- [    Test worker] o.hibernate.annotations.common.Version   : HCANN000001: Hibernate Commons Annotations {5.1.2.Final}
?[0m?[0;34m2022-10-19 03:28:44.829  INFO 25917 --- [    Test worker] com.zaxxer.hikari.HikariDataSource       : HikariPool-1 - Starting...
?[0m?[0;34m2022-10-19 03:28:45.786  INFO 25917 --- [    Test worker] com.zaxxer.hikari.HikariDataSource       : HikariPool-1 - Start completed.
?[0m?[0;34m2022-10-19 03:28:45.961  INFO 25917 --- [    Test worker] org.hibernate.dialect.Dialect            : HHH000400: Using dialect: org.hibernate.dialect.H2Dialect
?[0m?[0;34m2022-10-19 03:28:49.478  INFO 25917 --- [    Test worker] o.h.e.t.j.p.i.JtaPlatformInitiator       : HHH000490: Using JtaPlatform implementation: [org.hibernate.engine.transaction.jta.platform.internal.NoJtaPlatform]
?[0m?[0;34m2022-10-19 03:28:49.512  INFO 25917 --- [    Test worker] j.LocalContainerEntityManagerFactoryBean : Initialized JPA EntityManagerFactory for persistence unit 'default'
?[0m?[0;34m2022-10-19 03:28:51.410  WARN 25917 --- [    Test worker] JpaBaseConfiguration$JpaWebConfiguration : spring.jpa.open-in-view is enabled by default. Therefore, database queries may be performed during view rendering. Explicitly configure spring.jpa.open-in-view to disable this warning
?[0m?[0;34m2022-10-19 03:28:53.697  INFO 25917 --- [    Test worker] o.s.b.a.e.web.EndpointLinksResolver      : Exposing 14 endpoint(s) beneath base path '/actuator'
?[0m?[0;34m2022-10-19 03:28:53.916  INFO 25917 --- [    Test worker] o.s.s.web.DefaultSecurityFilterChain     : Will secure any request with [org.springframework.security.web.context.request.async.WebAsyncManagerIntegrationFilter@61e34bec, org.springframework.security.web.context.SecurityContextPersistenceFilter@72851503, org.springframework.security.web.header.HeaderWriterFilter@22e253c7, org.springframework.security.web.authentication.logout.LogoutFilter@79e28671, org.springframework.security.web.authentication.www.BasicAuthenticationFilter@3f8a44a4, org.springframework.security.web.savedrequest.RequestCacheAwareFilter@1d722bff, org.springframework.security.web.servletapi.SecurityContextHolderAwareRequestFilter@4cddc3d9, org.springframework.security.web.authentication.AnonymousAuthenticationFilter@3305897c, org.springframework.security.web.session.SessionManagementFilter@5134a7d6, org.springframework.security.web.access.ExceptionTranslationFilter@578781f7, org.springframework.security.web.access.intercept.FilterSecurityInterceptor@1ebb36df]
?[0m?[0;34m2022-10-19 03:28:54.945  INFO 25917 --- [    Test worker] o.s.b.w.embedded.tomcat.TomcatWebServer  : Tomcat started on port(s): 8881 (http) with context path ''
?[0m?[0;34m2022-10-19 03:28:55.009  INFO 25917 --- [    Test worker] recipes.RecipesApplication               : Started RecipesApplication in 25.456 seconds (JVM running for 32.767)
?[0;34m2022-10-19 03:28:57.038  INFO 25917 --- [nio-8881-exec-1] o.a.c.c.C.[Tomcat].[localhost].[/]       : Initializing Spring DispatcherServlet 'dispatcherServlet'
?[0m?[0;34m2022-10-19 03:28:57.040  INFO 25917 --- [nio-8881-exec-1] o.s.web.servlet.DispatcherServlet        : Initializing Servlet 'dispatcherServlet'
?[0m?[0;34m2022-10-19 03:28:57.049  INFO 25917 --- [nio-8881-exec-1] o.s.web.servlet.DispatcherServlet        : Completed initialization in 8 ms
?[0m?[1;31m
Start test 2?[0m
?[1;31m
Start test 3?[0m
?[1;31m
Start test 4?[0m
?[1;31m
Start test 5?[0m
?[0;34m2022-10-19 03:28:59.546  WARN 25917 --- [nio-8881-exec-6] .w.s.m.s.DefaultHandlerExceptionResolver : Resolved [org.springframework.web.bind.MethodArgumentNotValidException: Validation failed for argument [0] in public org.springframework.http.ResponseEntity<java.lang.Void> recipes.controllers.UserController.register(recipes.models.dto.UserDto): [Field error in object 'userDto' on field 'email': rejected value [Test3@testcom]; codes [Pattern.userDto.email,Pattern.email,Pattern.java.lang.String,Pattern]; arguments [org.springframework.context.support.DefaultMessageSourceResolvable: codes [userDto.email,email]; arguments []; default message [email],[Ljavax.validation.constraints.Pattern$Flag;@775ac17f,.+@.+\..+]; default message [must match ".+@.+\..+"]] ]
?[1;31m
Start test 6?[0m
?[0;34m2022-10-19 03:28:59.681  WARN 25917 --- [nio-8881-exec-8] .w.s.m.s.DefaultHandlerExceptionResolver : Resolved [org.springframework.web.bind.MethodArgumentNotValidException: Validation failed for argument [0] in public org.springframework.http.ResponseEntity<java.lang.Void> recipes.controllers.UserController.register(recipes.models.dto.UserDto): [Field error in object 'userDto' on field 'email': rejected value [Test4test.com]; codes [Pattern.userDto.email,Pattern.email,Pattern.java.lang.String,Pattern]; arguments [org.springframework.context.support.DefaultMessageSourceResolvable: codes [userDto.email,email]; arguments []; default message [email],[Ljavax.validation.constraints.Pattern$Flag;@775ac17f,.+@.+\..+]; default message [must match ".+@.+\..+"]] ]
?[1;31m
Start test 7?[0m
?[0;34m2022-10-19 03:28:59.738  WARN 25917 --- [nio-8881-exec-9] .w.s.m.s.DefaultHandlerExceptionResolver : Resolved [org.springframework.web.bind.MethodArgumentNotValidException: Validation failed for argument [0] in public org.springframework.http.ResponseEntity<java.lang.Void> recipes.controllers.UserController.register(recipes.models.dto.UserDto): [Field error in object 'userDto' on field 'password': rejected value [Test555]; codes [Size.userDto.password,Size.password,Size.java.lang.String,Size]; arguments [org.springframework.context.support.DefaultMessageSourceResolvable: codes [userDto.password,password]; arguments []; default message [password],2147483647,8]; default message [size must be between 8 and 2147483647]] ]
?[1;31m
Start test 8?[0m
?[0;34m2022-10-19 03:28:59.794  WARN 25917 --- [io-8881-exec-10] .w.s.m.s.DefaultHandlerExceptionResolver : Resolved [org.springframework.web.bind.MethodArgumentNotValidException: Validation failed for argument [0] in public org.springframework.http.ResponseEntity<java.lang.Void> recipes.controllers.UserController.register(recipes.models.dto.UserDto): [Field error in object 'userDto' on field 'password': rejected value [        ]; codes [NotBlank.userDto.password,NotBlank.password,NotBlank.java.lang.String,NotBlank]; arguments [org.springframework.context.support.DefaultMessageSourceResolvable: codes [userDto.password,password]; arguments []; default message [password]]; default message [must not be blank]] ]
?[1;31m
Start test 9?[0m
?[1;31m
Start test 10?[0m
?[1;31m
Start test 11?[0m
?[1;31m
Start test 12?[0m
?[1;31m
Start test 13?[0m
?[0;34m2022-10-19 03:29:02.298  INFO 25917 --- [       Thread-5] j.LocalContainerEntityManagerFactoryBean : Closing JPA EntityManagerFactory for persistence unit 'default'
?[0m?[0;34m2022-10-19 03:29:02.307  INFO 25917 --- [       Thread-5] com.zaxxer.hikari.HikariDataSource       : HikariPool-1 - Shutdown initiated...
?[0m?[0;34m2022-10-19 03:29:02.653  INFO 25917 --- [       Thread-5] com.zaxxer.hikari.HikariDataSource       : HikariPool-1 - Shutdown completed.
?[0;34m
?[0m?[0;34m  .   ____          _            __ _ _
?[0m?[0;34m /\\ / ___'_ __ _ _(_)_ __  __ _ \ \ \ \
?[0m?[0;34m( ( )\___ | '_ | '_| | '_ \/ _` | \ \ \ \
?[0m?[0;34m \\/  ___)| |_)| | | | | || (_| |  ) ) ) )
?[0m?[0;34m  '  |____| .__|_| |_|_| |_\__, | / / / /
?[0m?[0;34m =========|_|==============|___/=/_/_/_/
?[0m?[0;34m :: Spring Boot ::                (v2.5.6)
?[0m?[0;34m
?[0m?[0;34m2022-10-19 03:29:11.929  INFO 25917 --- [    Test worker] recipes.RecipesApplication               : Starting RecipesApplication using Java 17.0.4 on mu-X550EA with PID 25917 (started by mu in /home/mu/Recipes/Recipes/task)
?[0m?[0;34m2022-10-19 03:29:11.930  INFO 25917 --- [    Test worker] recipes.RecipesApplication               : No active profile set, falling back to default profiles: default
?[0m?[0;34m2022-10-19 03:29:13.348  INFO 25917 --- [    Test worker] .s.d.r.c.RepositoryConfigurationDelegate : Bootstrapping Spring Data JPA repositories in DEFAULT mode.
?[0m?[0;34m2022-10-19 03:29:13.378  INFO 25917 --- [    Test worker] .s.d.r.c.RepositoryConfigurationDelegate : Finished Spring Data repository scanning in 28 ms. Found 2 JPA repository interfaces.
?[0m?[0;34m2022-10-19 03:29:13.837  INFO 25917 --- [    Test worker] o.s.b.w.embedded.tomcat.TomcatWebServer  : Tomcat initialized with port(s): 8881 (http)
?[0m?[0;34m2022-10-19 03:29:13.841  INFO 25917 --- [    Test worker] o.apache.catalina.core.StandardService   : Starting service [Tomcat]
?[0m?[0;34m2022-10-19 03:29:13.842  INFO 25917 --- [    Test worker] org.apache.catalina.core.StandardEngine  : Starting Servlet engine: [Apache Tomcat/9.0.54]
?[0m?[0;34m2022-10-19 03:29:13.920  INFO 25917 --- [    Test worker] o.a.c.c.C.[Tomcat].[localhost].[/]       : Initializing Spring embedded WebApplicationContext
?[0m?[0;34m2022-10-19 03:29:13.921  INFO 25917 --- [    Test worker] w.s.c.ServletWebServerApplicationContext : Root WebApplicationContext: initialization completed in 1979 ms
?[0m?[0;34m2022-10-19 03:29:14.286  INFO 25917 --- [    Test worker] o.hibernate.jpa.internal.util.LogHelper  : HHH000204: Processing PersistenceUnitInfo [name: default]
?[0m?[0;34m2022-10-19 03:29:14.304  INFO 25917 --- [    Test worker] com.zaxxer.hikari.HikariDataSource       : HikariPool-2 - Starting...
?[0m?[0;34m2022-10-19 03:29:14.340  INFO 25917 --- [    Test worker] com.zaxxer.hikari.HikariDataSource       : HikariPool-2 - Start completed.
?[0m?[0;34m2022-10-19 03:29:14.342  INFO 25917 --- [    Test worker] org.hibernate.dialect.Dialect            : HHH000400: Using dialect: org.hibernate.dialect.H2Dialect
?[0m?[0;34m2022-10-19 03:29:14.814  INFO 25917 --- [    Test worker] o.h.e.t.j.p.i.JtaPlatformInitiator       : HHH000490: Using JtaPlatform implementation: [org.hibernate.engine.transaction.jta.platform.internal.NoJtaPlatform]
?[0m?[0;34m2022-10-19 03:29:14.816  INFO 25917 --- [    Test worker] j.LocalContainerEntityManagerFactoryBean : Initialized JPA EntityManagerFactory for persistence unit 'default'
?[0m?[0;34m2022-10-19 03:29:15.277  WARN 25917 --- [    Test worker] JpaBaseConfiguration$JpaWebConfiguration : spring.jpa.open-in-view is enabled by default. Therefore, database queries may be performed during view rendering. Explicitly configure spring.jpa.open-in-view to disable this warning
?[0m?[0;34m2022-10-19 03:29:16.066  INFO 25917 --- [    Test worker] o.s.b.a.e.web.EndpointLinksResolver      : Exposing 14 endpoint(s) beneath base path '/actuator'
?[0m?[0;34m2022-10-19 03:29:16.123  INFO 25917 --- [    Test worker] o.s.s.web.DefaultSecurityFilterChain     : Will secure any request with [org.springframework.security.web.context.request.async.WebAsyncManagerIntegrationFilter@2a5917f6, org.springframework.security.web.context.SecurityContextPersistenceFilter@42d65ffc, org.springframework.security.web.header.HeaderWriterFilter@40ff56f7, org.springframework.security.web.authentication.logout.LogoutFilter@40032b7b, org.springframework.security.web.authentication.www.BasicAuthenticationFilter@34ad750f, org.springframework.security.web.savedrequest.RequestCacheAwareFilter@4adb2b87, org.springframework.security.web.servletapi.SecurityContextHolderAwareRequestFilter@70a984c5, org.springframework.security.web.authentication.AnonymousAuthenticationFilter@c34fd2, org.springframework.security.web.session.SessionManagementFilter@64648af1, org.springframework.security.web.access.ExceptionTranslationFilter@75cfb958, org.springframework.security.web.access.intercept.FilterSecurityInterceptor@221ef0f0]
?[0m?[0;34m2022-10-19 03:29:16.484  INFO 25917 --- [    Test worker] o.s.b.w.embedded.tomcat.TomcatWebServer  : Tomcat started on port(s): 8881 (http) with context path ''
?[0m?[0;34m2022-10-19 03:29:16.513  INFO 25917 --- [    Test worker] recipes.RecipesApplication               : Started RecipesApplication in 4.712 seconds (JVM running for 54.271)
?[0m?[1;31m
Start test 14?[0m
?[0;34m2022-10-19 03:29:16.534  INFO 25917 --- [nio-8881-exec-1] o.a.c.c.C.[Tomcat].[localhost].[/]       : Initializing Spring DispatcherServlet 'dispatcherServlet'
?[0m?[0;34m2022-10-19 03:29:16.535  INFO 25917 --- [nio-8881-exec-1] o.s.web.servlet.DispatcherServlet        : Initializing Servlet 'dispatcherServlet'
?[0m?[0;34m2022-10-19 03:29:16.541  INFO 25917 --- [nio-8881-exec-1] o.s.web.servlet.DispatcherServlet        : Completed initialization in 5 ms
?[1;31m
Start test 15?[0m
?[1;31m
Start test 16?[0m
?[1;31m
Start test 17?[0m
?[1;31m
Start test 18?[0m
?[1;31m
Start test 19?[0m
?[1;31m
Start test 20?[0m
?[1;31m
Start test 21?[0m
?[1;31m
Start test 22?[0m
?[1;31m
Start test 23?[0m
?[1;31m
Start test 24?[0m
?[1;31m
Start test 25?[0m
?[1;31m
Start test 26?[0m
?[1;31m
Start test 27?[0m
?[1;31m
Start test 28?[0m
?[1;31m
Start test 29?[0m
?[1;31m
Start test 30?[0m
?[1;31m
Start test 31?[0m
?[1;31m
Start test 32?[0m
?[1;31m
Start test 33?[0m
?[1;31m
Start test 34?[0m
?[1;31m
Start test 35?[0m
?[1;31m
Start test 36?[0m
?[1;31m
Start test 37?[0m
?[1;31m
Start test 38?[0m
?[1;31m
Start test 39?[0m
?[1;31m
Start test 40?[0m
?[1;31m
Start test 41?[0m
?[1;31m
Start test 42?[0m
?[1;31m
Start test 43?[0m
?[0;34m2022-10-19 03:29:25.572  WARN 25917 --- [nio-8881-exec-4] .w.s.m.s.DefaultHandlerExceptionResolver : Resolved [org.springframework.web.bind.MethodArgumentNotValidException: Validation failed for argument [0] in public recipes.models.dto.RecipeDto recipes.controllers.RecipeController.add(recipes.models.Recipe,org.springframework.security.core.userdetails.UserDetails): [Field error in object 'recipe' on field 'name': rejected value [null]; codes [NotBlank.recipe.name,NotBlank.name,NotBlank.java.lang.String,NotBlank]; arguments [org.springframework.context.support.DefaultMessageSourceResolvable: codes [recipe.name,name]; arguments []; default message [name]]; default message [must not be blank]] ]
?[1;31m
Start test 44?[0m
?[0;34m2022-10-19 03:29:25.861  WARN 25917 --- [nio-8881-exec-5] .w.s.m.s.DefaultHandlerExceptionResolver : Resolved [org.springframework.web.bind.MethodArgumentNotValidException: Validation failed for argument [0] in public recipes.models.dto.RecipeDto recipes.controllers.RecipeController.add(recipes.models.Recipe,org.springframework.security.core.userdetails.UserDetails): [Field error in object 'recipe' on field 'category': rejected value [null]; codes [NotBlank.recipe.category,NotBlank.category,NotBlank.java.lang.String,NotBlank]; arguments [org.springframework.context.support.DefaultMessageSourceResolvable: codes [recipe.category,category]; arguments []; default message [category]]; default message [must not be blank]] ]
?[1;31m
Start test 45?[0m
?[0;34m2022-10-19 03:29:26.151  WARN 25917 --- [nio-8881-exec-7] .w.s.m.s.DefaultHandlerExceptionResolver : Resolved [org.springframework.web.bind.MethodArgumentNotValidException: Validation failed for argument [0] in public recipes.models.dto.RecipeDto recipes.controllers.RecipeController.add(recipes.models.Recipe,org.springframework.security.core.userdetails.UserDetails): [Field error in object 'recipe' on field 'description': rejected value [null]; codes [NotBlank.recipe.description,NotBlank.description,NotBlank.java.lang.String,NotBlank]; arguments [org.springframework.context.support.DefaultMessageSourceResolvable: codes [recipe.description,description]; arguments []; default message [description]]; default message [must not be blank]] ]
?[1;31m
Start test 46?[0m
?[0m?[0;34m2022-10-19 03:29:26.463  WARN 25917 --- [nio-8881-exec-1] .w.s.m.s.DefaultHandlerExceptionResolver : Resolved [org.springframework.web.bind.MethodArgumentNotValidException: Validation failed for argument [0] in public recipes.models.dto.RecipeDto recipes.controllers.RecipeController.add(recipes.models.Recipe,org.springframework.security.core.userdetails.UserDetails): [Field error in object 'recipe' on field 'ingredients': rejected value [null]; codes [NotNull.recipe.ingredients,NotNull.ingredients,NotNull.java.util.List,NotNull]; arguments [org.springframework.context.support.DefaultMessageSourceResolvable: codes [recipe.ingredients,ingredients]; arguments []; default message [ingredients]]; default message [must not be null]] ]
?[1;31m
Start test 47?[0m
?[0;34m2022-10-19 03:29:26.727  WARN 25917 --- [nio-8881-exec-6] .w.s.m.s.DefaultHandlerExceptionResolver : Resolved [org.springframework.web.bind.MethodArgumentNotValidException: Validation failed for argument [0] in public recipes.models.dto.RecipeDto recipes.controllers.RecipeController.add(recipes.models.Recipe,org.springframework.security.core.userdetails.UserDetails): [Field error in object 'recipe' on field 'directions': rejected value [null]; codes [NotNull.recipe.directions,NotNull.directions,NotNull.java.util.List,NotNull]; arguments [org.springframework.context.support.DefaultMessageSourceResolvable: codes [recipe.directions,directions]; arguments []; default message [directions]]; default message [must not be null]] ]
?[1;31m
Start test 48?[0m
?[0;34m2022-10-19 03:29:26.998  WARN 25917 --- [nio-8881-exec-2] .w.s.m.s.DefaultHandlerExceptionResolver : Resolved [org.springframework.web.bind.MethodArgumentNotValidException: Validation failed for argument [0] in public recipes.models.dto.RecipeDto recipes.controllers.RecipeController.add(recipes.models.Recipe,org.springframework.security.core.userdetails.UserDetails): [Field error in object 'recipe' on field 'name': rejected value [  ]; codes [NotBlank.recipe.name,NotBlank.name,NotBlank.java.lang.String,NotBlank]; arguments [org.springframework.context.support.DefaultMessageSourceResolvable: codes [recipe.name,name]; arguments []; default message [name]]; default message [must not be blank]] ]
?[1;31m
Start test 49?[0m
?[0;34m2022-10-19 03:29:27.265  WARN 25917 --- [nio-8881-exec-3] .w.s.m.s.DefaultHandlerExceptionResolver : Resolved [org.springframework.web.bind.MethodArgumentNotValidException: Validation failed for argument [0] in public recipes.models.dto.RecipeDto recipes.controllers.RecipeController.add(recipes.models.Recipe,org.springframework.security.core.userdetails.UserDetails): [Field error in object 'recipe' on field 'category': rejected value [  ]; codes [NotBlank.recipe.category,NotBlank.category,NotBlank.java.lang.String,NotBlank]; arguments [org.springframework.context.support.DefaultMessageSourceResolvable: codes [recipe.category,category]; arguments []; default message [category]]; default message [must not be blank]] ]
?[1;31m
Start test 50?[0m
?[0m?[0;34m2022-10-19 03:29:27.529  WARN 25917 --- [nio-8881-exec-4] .w.s.m.s.DefaultHandlerExceptionResolver : Resolved [org.springframework.web.bind.MethodArgumentNotValidException: Validation failed for argument [0] in public recipes.models.dto.RecipeDto recipes.controllers.RecipeController.add(recipes.models.Recipe,org.springframework.security.core.userdetails.UserDetails): [Field error in object 'recipe' on field 'description': rejected value [  ]; codes [NotBlank.recipe.description,NotBlank.description,NotBlank.java.lang.String,NotBlank]; arguments [org.springframework.context.support.DefaultMessageSourceResolvable: codes [recipe.description,description]; arguments []; default message [description]]; default message [must not be blank]] ]
?[1;31m
Start test 51?[0m
?[0m?[0;34m2022-10-19 03:29:27.792  WARN 25917 --- [nio-8881-exec-5] .w.s.m.s.DefaultHandlerExceptionResolver : Resolved [org.springframework.web.bind.MethodArgumentNotValidException: Validation failed for argument [0] in public recipes.models.dto.RecipeDto recipes.controllers.RecipeController.add(recipes.models.Recipe,org.springframework.security.core.userdetails.UserDetails): [Field error in object 'recipe' on field 'ingredients': rejected value [[]]; codes [Size.recipe.ingredients,Size.ingredients,Size.java.util.List,Size]; arguments [org.springframework.context.support.DefaultMessageSourceResolvable: codes [recipe.ingredients,ingredients]; arguments []; default message [ingredients],2147483647,1]; default message [size must be between 1 and 2147483647]] ]
?[1;31m
Start test 52?[0m
?[0;34m2022-10-19 03:29:28.075  WARN 25917 --- [io-8881-exec-10] .w.s.m.s.DefaultHandlerExceptionResolver : Resolved [org.springframework.web.bind.MethodArgumentNotValidException: Validation failed for argument [0] in public recipes.models.dto.RecipeDto recipes.controllers.RecipeController.add(recipes.models.Recipe,org.springframework.security.core.userdetails.UserDetails): [Field error in object 'recipe' on field 'directions': rejected value [[]]; codes [Size.recipe.directions,Size.directions,Size.java.util.List,Size]; arguments [org.springframework.context.support.DefaultMessageSourceResolvable: codes [recipe.directions,directions]; arguments []; default message [directions],2147483647,1]; default message [size must be between 1 and 2147483647]] ]
?[1;31m
Start test 53?[0m
?[0;34m2022-10-19 03:29:28.358  WARN 25917 --- [nio-8881-exec-9] .w.s.m.s.DefaultHandlerExceptionResolver : Resolved [org.springframework.web.bind.MethodArgumentNotValidException: Validation failed for argument [1] in public org.springframework.http.ResponseEntity<java.lang.Void> recipes.controllers.RecipeController.updateRecipe(java.lang.Long,recipes.models.Recipe,org.springframework.security.core.userdetails.UserDetails): [Field error in object 'recipe' on field 'name': rejected value [null]; codes [NotBlank.recipe.name,NotBlank.name,NotBlank.java.lang.String,NotBlank]; arguments [org.springframework.context.support.DefaultMessageSourceResolvable: codes [recipe.name,name]; arguments []; default message [name]]; default message [must not be blank]] ]
?[1;31m
Start test 54?[0m
?[0;34m2022-10-19 03:29:28.617  WARN 25917 --- [nio-8881-exec-8] .w.s.m.s.DefaultHandlerExceptionResolver : Resolved [org.springframework.web.bind.MethodArgumentNotValidException: Validation failed for argument [1] in public org.springframework.http.ResponseEntity<java.lang.Void> recipes.controllers.RecipeController.updateRecipe(java.lang.Long,recipes.models.Recipe,org.springframework.security.core.userdetails.UserDetails): [Field error in object 'recipe' on field 'category': rejected value [null]; codes [NotBlank.recipe.category,NotBlank.category,NotBlank.java.lang.String,NotBlank]; arguments [org.springframework.context.support.DefaultMessageSourceResolvable: codes [recipe.category,category]; arguments []; default message [category]]; default message [must not be blank]] ]
?[1;31m
Start test 55?[0m
?[0m?[0;34m2022-10-19 03:29:28.886  WARN 25917 --- [nio-8881-exec-7] .w.s.m.s.DefaultHandlerExceptionResolver : Resolved [org.springframework.web.bind.MethodArgumentNotValidException: Validation failed for argument [1] in public org.springframework.http.ResponseEntity<java.lang.Void> recipes.controllers.RecipeController.updateRecipe(java.lang.Long,recipes.models.Recipe,org.springframework.security.core.userdetails.UserDetails): [Field error in object 'recipe' on field 'description': rejected value [null]; codes [NotBlank.recipe.description,NotBlank.description,NotBlank.java.lang.String,NotBlank]; arguments [org.springframework.context.support.DefaultMessageSourceResolvable: codes [recipe.description,description]; arguments []; default message [description]]; default message [must not be blank]] ]
?[1;31m
Start test 56?[0m
?[0m?[0;34m2022-10-19 03:29:29.159  WARN 25917 --- [nio-8881-exec-1] .w.s.m.s.DefaultHandlerExceptionResolver : Resolved [org.springframework.web.bind.MethodArgumentNotValidException: Validation failed for argument [1] in public org.springframework.http.ResponseEntity<java.lang.Void> recipes.controllers.RecipeController.updateRecipe(java.lang.Long,recipes.models.Recipe,org.springframework.security.core.userdetails.UserDetails): [Field error in object 'recipe' on field 'ingredients': rejected value [null]; codes [NotNull.recipe.ingredients,NotNull.ingredients,NotNull.java.util.List,NotNull]; arguments [org.springframework.context.support.DefaultMessageSourceResolvable: codes [recipe.ingredients,ingredients]; arguments []; default message [ingredients]]; default message [must not be null]] ]
?[1;31m
Start test 57?[0m
?[0m?[0;34m2022-10-19 03:29:29.418  WARN 25917 --- [nio-8881-exec-6] .w.s.m.s.DefaultHandlerExceptionResolver : Resolved [org.springframework.web.bind.MethodArgumentNotValidException: Validation failed for argument [1] in public org.springframework.http.ResponseEntity<java.lang.Void> recipes.controllers.RecipeController.updateRecipe(java.lang.Long,recipes.models.Recipe,org.springframework.security.core.userdetails.UserDetails): [Field error in object 'recipe' on field 'directions': rejected value [null]; codes [NotNull.recipe.directions,NotNull.directions,NotNull.java.util.List,NotNull]; arguments [org.springframework.context.support.DefaultMessageSourceResolvable: codes [recipe.directions,directions]; arguments []; default message [directions]]; default message [must not be null]] ]
?[1;31m
Start test 58?[0m
?[0m?[0;34m2022-10-19 03:29:29.675  WARN 25917 --- [nio-8881-exec-2] .w.s.m.s.DefaultHandlerExceptionResolver : Resolved [org.springframework.web.bind.MethodArgumentNotValidException: Validation failed for argument [1] in public org.springframework.http.ResponseEntity<java.lang.Void> recipes.controllers.RecipeController.updateRecipe(java.lang.Long,recipes.models.Recipe,org.springframework.security.core.userdetails.UserDetails): [Field error in object 'recipe' on field 'name': rejected value [  ]; codes [NotBlank.recipe.name,NotBlank.name,NotBlank.java.lang.String,NotBlank]; arguments [org.springframework.context.support.DefaultMessageSourceResolvable: codes [recipe.name,name]; arguments []; default message [name]]; default message [must not be blank]] ]
?[1;31m
Start test 59?[0m
?[0m?[0;34m2022-10-19 03:29:29.935  WARN 25917 --- [nio-8881-exec-3] .w.s.m.s.DefaultHandlerExceptionResolver : Resolved [org.springframework.web.bind.MethodArgumentNotValidException: Validation failed for argument [1] in public org.springframework.http.ResponseEntity<java.lang.Void> recipes.controllers.RecipeController.updateRecipe(java.lang.Long,recipes.models.Recipe,org.springframework.security.core.userdetails.UserDetails): [Field error in object 'recipe' on field 'category': rejected value [  ]; codes [NotBlank.recipe.category,NotBlank.category,NotBlank.java.lang.String,NotBlank]; arguments [org.springframework.context.support.DefaultMessageSourceResolvable: codes [recipe.category,category]; arguments []; default message [category]]; default message [must not be blank]] ]
?[1;31m
Start test 60?[0m
?[0m?[0;34m2022-10-19 03:29:30.195  WARN 25917 --- [nio-8881-exec-4] .w.s.m.s.DefaultHandlerExceptionResolver : Resolved [org.springframework.web.bind.MethodArgumentNotValidException: Validation failed for argument [1] in public org.springframework.http.ResponseEntity<java.lang.Void> recipes.controllers.RecipeController.updateRecipe(java.lang.Long,recipes.models.Recipe,org.springframework.security.core.userdetails.UserDetails): [Field error in object 'recipe' on field 'description': rejected value [  ]; codes [NotBlank.recipe.description,NotBlank.description,NotBlank.java.lang.String,NotBlank]; arguments [org.springframework.context.support.DefaultMessageSourceResolvable: codes [recipe.description,description]; arguments []; default message [description]]; default message [must not be blank]] ]
?[1;31m
Start test 61?[0m
?[0m?[0;34m2022-10-19 03:29:30.455  WARN 25917 --- [nio-8881-exec-5] .w.s.m.s.DefaultHandlerExceptionResolver : Resolved [org.springframework.web.bind.MethodArgumentNotValidException: Validation failed for argument [1] in public org.springframework.http.ResponseEntity<java.lang.Void> recipes.controllers.RecipeController.updateRecipe(java.lang.Long,recipes.models.Recipe,org.springframework.security.core.userdetails.UserDetails): [Field error in object 'recipe' on field 'ingredients': rejected value [[]]; codes [Size.recipe.ingredients,Size.ingredients,Size.java.util.List,Size]; arguments [org.springframework.context.support.DefaultMessageSourceResolvable: codes [recipe.ingredients,ingredients]; arguments []; default message [ingredients],2147483647,1]; default message [size must be between 1 and 2147483647]] ]
?[1;31m
Start test 62?[0m
?[0m?[0;34m2022-10-19 03:29:30.713  WARN 25917 --- [io-8881-exec-10] .w.s.m.s.DefaultHandlerExceptionResolver : Resolved [org.springframework.web.bind.MethodArgumentNotValidException: Validation failed for argument [1] in public org.springframework.http.ResponseEntity<java.lang.Void> recipes.controllers.RecipeController.updateRecipe(java.lang.Long,recipes.models.Recipe,org.springframework.security.core.userdetails.UserDetails): [Field error in object 'recipe' on field 'directions': rejected value [[]]; codes [Size.recipe.directions,Size.directions,Size.java.util.List,Size]; arguments [org.springframework.context.support.DefaultMessageSourceResolvable: codes [recipe.directions,directions]; arguments []; default message [directions],2147483647,1]; default message [size must be between 1 and 2147483647]] ]
?[1;31m
Start test 63?[0m
?[0;34m2022-10-19 03:29:31.285  INFO 25917 --- [       Thread-7] j.LocalContainerEntityManagerFactoryBean : Closing JPA EntityManagerFactory for persistence unit 'default'
?[0m?[0;34m2022-10-19 03:29:31.289  INFO 25917 --- [       Thread-7] com.zaxxer.hikari.HikariDataSource       : HikariPool-2 - Shutdown initiated...
?[0m?[0;34m2022-10-19 03:29:31.594  INFO 25917 --- [       Thread-7] com.zaxxer.hikari.HikariDataSource       : HikariPool-2 - Shutdown completed.
?[0;34m
?[0m?[0;34m  .   ____          _            __ _ _
?[0m?[0;34m /\\ / ___'_ __ _ _(_)_ __  __ _ \ \ \ \
?[0m?[0;34m( ( )\___ | '_ | '_| | '_ \/ _` | \ \ \ \
?[0m?[0;34m \\/  ___)| |_)| | | | | || (_| |  ) ) ) )
?[0m?[0;34m  '  |____| .__|_| |_|_| |_\__, | / / / /
?[0m?[0;34m =========|_|==============|___/=/_/_/_/
?[0m?[0;34m :: Spring Boot ::                (v2.5.6)
?[0m?[0;34m
?[0m?[0;34m2022-10-19 03:29:40.900  INFO 25917 --- [    Test worker] recipes.RecipesApplication               : Starting RecipesApplication using Java 17.0.4 on mu-X550EA with PID 25917 (started by mu in /home/mu/Recipes/Recipes/task)
?[0m?[0;34m2022-10-19 03:29:40.901  INFO 25917 --- [    Test worker] recipes.RecipesApplication               : No active profile set, falling back to default profiles: default
?[0m?[0;34m2022-10-19 03:29:41.796  INFO 25917 --- [    Test worker] .s.d.r.c.RepositoryConfigurationDelegate : Bootstrapping Spring Data JPA repositories in DEFAULT mode.
?[0m?[0;34m2022-10-19 03:29:41.822  INFO 25917 --- [    Test worker] .s.d.r.c.RepositoryConfigurationDelegate : Finished Spring Data repository scanning in 24 ms. Found 2 JPA repository interfaces.
?[0m?[0;34m2022-10-19 03:29:42.166  INFO 25917 --- [    Test worker] o.s.b.w.embedded.tomcat.TomcatWebServer  : Tomcat initialized with port(s): 8881 (http)
?[0m?[0;34m2022-10-19 03:29:42.169  INFO 25917 --- [    Test worker] o.apache.catalina.core.StandardService   : Starting service [Tomcat]
?[0m?[0;34m2022-10-19 03:29:42.170  INFO 25917 --- [    Test worker] org.apache.catalina.core.StandardEngine  : Starting Servlet engine: [Apache Tomcat/9.0.54]
?[0m?[0;34m2022-10-19 03:29:42.219  INFO 25917 --- [    Test worker] o.a.c.c.C.[Tomcat].[localhost].[/]       : Initializing Spring embedded WebApplicationContext
?[0m?[0;34m2022-10-19 03:29:42.220  INFO 25917 --- [    Test worker] w.s.c.ServletWebServerApplicationContext : Root WebApplicationContext: initialization completed in 1307 ms
?[0m?[0;34m2022-10-19 03:29:42.515  INFO 25917 --- [    Test worker] o.hibernate.jpa.internal.util.LogHelper  : HHH000204: Processing PersistenceUnitInfo [name: default]
?[0m?[0;34m2022-10-19 03:29:42.531  INFO 25917 --- [    Test worker] com.zaxxer.hikari.HikariDataSource       : HikariPool-3 - Starting...
?[0m?[0;34m2022-10-19 03:29:42.559  INFO 25917 --- [    Test worker] com.zaxxer.hikari.HikariDataSource       : HikariPool-3 - Start completed.
?[0m?[0;34m2022-10-19 03:29:42.560  INFO 25917 --- [    Test worker] org.hibernate.dialect.Dialect            : HHH000400: Using dialect: org.hibernate.dialect.H2Dialect
?[0m?[0;34m2022-10-19 03:29:42.915  INFO 25917 --- [    Test worker] o.h.e.t.j.p.i.JtaPlatformInitiator       : HHH000490: Using JtaPlatform implementation: [org.hibernate.engine.transaction.jta.platform.internal.NoJtaPlatform]
?[0m?[0;34m2022-10-19 03:29:42.917  INFO 25917 --- [    Test worker] j.LocalContainerEntityManagerFactoryBean : Initialized JPA EntityManagerFactory for persistence unit 'default'
?[0m?[0;34m2022-10-19 03:29:43.314  WARN 25917 --- [    Test worker] JpaBaseConfiguration$JpaWebConfiguration : spring.jpa.open-in-view is enabled by default. Therefore, database queries may be performed during view rendering. Explicitly configure spring.jpa.open-in-view to disable this warning
?[0m?[0;34m2022-10-19 03:29:43.990  INFO 25917 --- [    Test worker] o.s.b.a.e.web.EndpointLinksResolver      : Exposing 14 endpoint(s) beneath base path '/actuator'
?[0m?[0;34m2022-10-19 03:29:44.036  INFO 25917 --- [    Test worker] o.s.s.web.DefaultSecurityFilterChain     : Will secure any request with [org.springframework.security.web.context.request.async.WebAsyncManagerIntegrationFilter@751636da, org.springframework.security.web.context.SecurityContextPersistenceFilter@55a7f0af, org.springframework.security.web.header.HeaderWriterFilter@693676d, org.springframework.security.web.authentication.logout.LogoutFilter@1f6af096, org.springframework.security.web.authentication.www.BasicAuthenticationFilter@3d8c3d0a, org.springframework.security.web.savedrequest.RequestCacheAwareFilter@12db2921, org.springframework.security.web.servletapi.SecurityContextHolderAwareRequestFilter@f6e9c18, org.springframework.security.web.authentication.AnonymousAuthenticationFilter@26c75b91, org.springframework.security.web.session.SessionManagementFilter@2a0a178f, org.springframework.security.web.access.ExceptionTranslationFilter@879f852, org.springframework.security.web.access.intercept.FilterSecurityInterceptor@28068327]
?[0m?[0;34m2022-10-19 03:29:44.320  INFO 25917 --- [    Test worker] o.s.b.w.embedded.tomcat.TomcatWebServer  : Tomcat started on port(s): 8881 (http) with context path ''
?[0m?[0;34m2022-10-19 03:29:44.349  INFO 25917 --- [    Test worker] recipes.RecipesApplication               : Started RecipesApplication in 3.564 seconds (JVM running for 82.107)
?[0m?[1;31m
Start test 64?[0m
?[0;34m2022-10-19 03:29:44.367  INFO 25917 --- [nio-8881-exec-1] o.a.c.c.C.[Tomcat].[localhost].[/]       : Initializing Spring DispatcherServlet 'dispatcherServlet'
?[0m?[0;34m2022-10-19 03:29:44.368  INFO 25917 --- [nio-8881-exec-1] o.s.web.servlet.DispatcherServlet        : Initializing Servlet 'dispatcherServlet'
?[0m?[0;34m2022-10-19 03:29:44.373  INFO 25917 --- [nio-8881-exec-1] o.s.web.servlet.DispatcherServlet        : Completed initialization in 5 ms
?[1;31m
Start test 65?[0m
?[1;31m
Start test 66?[0m
?[1;31m
Start test 67?[0m
?[1;31m
Start test 68?[0m
?[1;31m
Start test 69?[0m
?[1;31m
Start test 70?[0m
?[1;31m
Start test 71?[0m
?[1;31m
Start test 72?[0m
?[1;31m
Start test 73?[0m
?[1;31m
Start test 74?[0m
?[1;31m
Start test 75?[0m
?[1;31m
Start test 76?[0m
?[1;31m
Start test 77?[0m
?[1;31m
Start test 78?[0m
?[1;31m
Start test 79?[0m
?[1;31m
Start test 80?[0m
?[1;31m
Start test 81?[0m
]]></system-out>
  <system-err><![CDATA[]]></system-err>
</testsuite>
